Using pre-set license
Built from '2022.3/staging' branch; Version is '2022.3.26f1 (ec6cd8118806) revision 15494360'; Using compiler version '192829333'; Build Type 'Release'
OS: 'Windows 10  (10.0.19045) 64bit Professional' Language: 'ru' Physical Memory: 32716 MB
BatchMode: 1, IsHumanControllingUs: 0, StartBugReporterOnCrash: 0, Is64bit: 1, IsPro: 1

COMMAND LINE ARGUMENTS:
C:\Program Files\Unity\Hub\Editor\2022.3.26f1\Editor\Unity.exe
-adb2
-batchMode
-noUpm
-name
AssetImportWorker0
-projectPath
E:/GitHub/2d-Platformer-First/2d platformer
-logFile
Logs/AssetImportWorker0.log
-srvPort
63780
Successfully changed project path to: E:/GitHub/2d-Platformer-First/2d platformer
E:/GitHub/2d-Platformer-First/2d platformer
[UnityMemory] Configuration Parameters - Can be set up in boot.config
    "memorysetup-bucket-allocator-granularity=16"
    "memorysetup-bucket-allocator-bucket-count=8"
    "memorysetup-bucket-allocator-block-size=33554432"
    "memorysetup-bucket-allocator-block-count=8"
    "memorysetup-main-allocator-block-size=16777216"
    "memorysetup-thread-allocator-block-size=16777216"
    "memorysetup-gfx-main-allocator-block-size=16777216"
    "memorysetup-gfx-thread-allocator-block-size=16777216"
    "memorysetup-cache-allocator-block-size=4194304"
    "memorysetup-typetree-allocator-block-size=2097152"
    "memorysetup-profiler-bucket-allocator-granularity=16"
    "memorysetup-profiler-bucket-allocator-bucket-count=8"
    "memorysetup-profiler-bucket-allocator-block-size=33554432"
    "memorysetup-profiler-bucket-allocator-block-count=8"
    "memorysetup-profiler-allocator-block-size=16777216"
    "memorysetup-profiler-editor-allocator-block-size=1048576"
    "memorysetup-temp-allocator-size-main=16777216"
    "memorysetup-job-temp-allocator-block-size=2097152"
    "memorysetup-job-temp-allocator-block-size-background=1048576"
    "memorysetup-job-temp-allocator-reduction-small-platforms=262144"
    "memorysetup-allocator-temp-initial-block-size-main=262144"
    "memorysetup-allocator-temp-initial-block-size-worker=262144"
    "memorysetup-temp-allocator-size-background-worker=32768"
    "memorysetup-temp-allocator-size-job-worker=262144"
    "memorysetup-temp-allocator-size-preload-manager=33554432"
    "memorysetup-temp-allocator-size-nav-mesh-worker=65536"
    "memorysetup-temp-allocator-size-audio-worker=65536"
    "memorysetup-temp-allocator-size-cloud-worker=32768"
    "memorysetup-temp-allocator-size-gi-baking-worker=262144"
    "memorysetup-temp-allocator-size-gfx=262144"
Player connection [11004] Host "[IP] 192.168.1.100 [Port] 0 [Flags] 2 [Guid] 1903725365 [EditorId] 1903725365 [Version] 1048832 [Id] WindowsEditor(7,DESKTOP-OKHQ6F3) [Debug] 1 [PackageName] WindowsEditor [ProjectName] Editor" joined multi-casting on [225.0.0.222:54997]...

Player connection [11004] Host "[IP] 192.168.1.100 [Port] 0 [Flags] 2 [Guid] 1903725365 [EditorId] 1903725365 [Version] 1048832 [Id] WindowsEditor(7,DESKTOP-OKHQ6F3) [Debug] 1 [PackageName] WindowsEditor [ProjectName] Editor" joined alternative multi-casting on [225.0.0.222:34997]...

[Physics::Module] Initialized MultithreadedJobDispatcher with 11 workers.
Refreshing native plugins compatible for Editor in 9.36 ms, found 4 plugins.
Preloading 0 native plugins for Editor in 0.00 ms.
Initialize engine version: 2022.3.26f1 (ec6cd8118806)
[Subsystems] Discovering subsystems at path C:/Program Files/Unity/Hub/Editor/2022.3.26f1/Editor/Data/Resources/UnitySubsystems
[Subsystems] Discovering subsystems at path E:/GitHub/2d-Platformer-First/2d platformer/Assets
GfxDevice: creating device client; threaded=0; jobified=0
Direct3D:
    Version:  Direct3D 11.0 [level 11.1]
    Renderer: NVIDIA GeForce GTX 1070 (ID=0x1b81)
    Vendor:   NVIDIA
    VRAM:     8081 MB
    Driver:   31.0.15.3623
Initialize mono
Mono path[0] = 'C:/Program Files/Unity/Hub/Editor/2022.3.26f1/Editor/Data/Managed'
Mono path[1] = 'C:/Program Files/Unity/Hub/Editor/2022.3.26f1/Editor/Data/MonoBleedingEdge/lib/mono/unityjit-win32'
Mono config path = 'C:/Program Files/Unity/Hub/Editor/2022.3.26f1/Editor/Data/MonoBleedingEdge/etc'
Using monoOptions --debugger-agent=transport=dt_socket,embedding=1,server=y,suspend=n,address=127.0.0.1:56540
Begin MonoManager ReloadAssembly
Registering precompiled unity dll's ...
Register platform support module: C:/Program Files/Unity/Hub/Editor/2022.3.26f1/Editor/Data/PlaybackEngines/WebGLSupport/UnityEditor.WebGL.Extensions.dll
Register platform support module: C:/Program Files/Unity/Hub/Editor/2022.3.26f1/Editor/Data/PlaybackEngines/WindowsStandaloneSupport/UnityEditor.WindowsStandalone.Extensions.dll
Registered in 0.010634 seconds.
- Loaded All Assemblies, in  0.363 seconds
Native extension for WindowsStandalone target not found
Native extension for WebGL target not found
Mono: successfully reloaded assembly
- Finished resetting the current domain, in  0.254 seconds
Domain Reload Profiling: 614ms
	BeginReloadAssembly (107ms)
		ExecutionOrderSort (0ms)
		DisableScriptedObjects (0ms)
		BackupInstance (0ms)
		ReleaseScriptingObjects (0ms)
		CreateAndSetChildDomain (1ms)
	RebuildCommonClasses (37ms)
	RebuildNativeTypeToScriptingClass (11ms)
	initialDomainReloadingComplete (58ms)
	LoadAllAssembliesAndSetupDomain (147ms)
		LoadAssemblies (104ms)
		RebuildTransferFunctionScriptingTraits (0ms)
		AnalyzeDomain (145ms)
			TypeCache.Refresh (143ms)
				TypeCache.ScanAssembly (131ms)
			ScanForSourceGeneratedMonoScriptInfo (0ms)
			ResolveRequiredComponents (0ms)
	FinalizeReload (254ms)
		ReleaseScriptCaches (0ms)
		RebuildScriptCaches (0ms)
		SetupLoadedEditorAssemblies (201ms)
			LogAssemblyErrors (0ms)
			InitializePlatformSupportModulesInManaged (11ms)
			SetLoadedEditorAssemblies (5ms)
			RefreshPlugins (0ms)
			BeforeProcessingInitializeOnLoad (2ms)
			ProcessInitializeOnLoadAttributes (140ms)
			ProcessInitializeOnLoadMethodAttributes (43ms)
			AfterProcessingInitializeOnLoad (0ms)
			EditorAssembliesLoaded (0ms)
		ExecutionOrderSort2 (0ms)
		AwakeInstancesAfterBackupRestoration (0ms)
========================================================================
Worker process is ready to serve import requests
Begin MonoManager ReloadAssembly
- Loaded All Assemblies, in  0.659 seconds
Refreshing native plugins compatible for Editor in 3.01 ms, found 4 plugins.
Native extension for WindowsStandalone target not found
Native extension for WebGL target not found
Package Manager log level set to [2]
[Package Manager] Server::EnsureServerProcessIsRunning -- launch failed, reason: Unity was launched with the -noUpm command-line argument
[Package Manager] UpmClient::Send -- Unable to send message (not connected to UPM process).
[Package Manager] Cannot connect to Unity Package Manager local server
Mono: successfully reloaded assembly
- Finished resetting the current domain, in  0.650 seconds
Domain Reload Profiling: 1306ms
	BeginReloadAssembly (156ms)
		ExecutionOrderSort (0ms)
		DisableScriptedObjects (6ms)
		BackupInstance (0ms)
		ReleaseScriptingObjects (0ms)
		CreateAndSetChildDomain (21ms)
	RebuildCommonClasses (40ms)
	RebuildNativeTypeToScriptingClass (16ms)
	initialDomainReloadingComplete (43ms)
	LoadAllAssembliesAndSetupDomain (401ms)
		LoadAssemblies (301ms)
		RebuildTransferFunctionScriptingTraits (0ms)
		AnalyzeDomain (190ms)
			TypeCache.Refresh (153ms)
				TypeCache.ScanAssembly (135ms)
			ScanForSourceGeneratedMonoScriptInfo (25ms)
			ResolveRequiredComponents (11ms)
	FinalizeReload (650ms)
		ReleaseScriptCaches (0ms)
		RebuildScriptCaches (0ms)
		SetupLoadedEditorAssemblies (491ms)
			LogAssemblyErrors (0ms)
			InitializePlatformSupportModulesInManaged (8ms)
			SetLoadedEditorAssemblies (3ms)
			RefreshPlugins (0ms)
			BeforeProcessingInitializeOnLoad (62ms)
			ProcessInitializeOnLoadAttributes (366ms)
			ProcessInitializeOnLoadMethodAttributes (41ms)
			AfterProcessingInitializeOnLoad (11ms)
			EditorAssembliesLoaded (0ms)
		ExecutionOrderSort2 (0ms)
		AwakeInstancesAfterBackupRestoration (9ms)
Launched and connected shader compiler UnityShaderCompiler.exe after 0.04 seconds
Refreshing native plugins compatible for Editor in 5.71 ms, found 4 plugins.
Preloading 0 native plugins for Editor in 0.00 ms.
Unloading 4072 Unused Serialized files (Serialized files now loaded: 0)
Unloading 70 unused Assets / (199.4 KB). Loaded Objects now: 4529.
Memory consumption went from 144.7 MB to 144.5 MB.
Total: 5.512700 ms (FindLiveObjects: 0.482800 ms CreateObjectMapping: 0.126500 ms MarkObjects: 4.633300 ms  DeleteObjects: 0.268300 ms)

AssetImportParameters requested are different than current active one (requested -> active):
  custom:container-demuxer-ogg: 62fdf1f143b41e24485cea50d1cbac27 -> 
  custom:video-decoder-ogg-theora: a1e56fd34408186e4bbccfd4996cb3dc -> 
  custom:framework-win-MediaFoundation: 216162199b28c13a410421893ffa2e32 -> 
  custom:CustomObjectIndexerAttribute: 9a22284fe3817be447336de3de66b15e -> 
  custom:container-demuxer-webm: 4f35f7cbe854078d1ac9338744f61a02 -> 
  custom:container-muxer-webm: aa71ff27fc2769a1b78a27578f13a17b -> 
  custom:video-decoder-webm-vp8: 9c59270c3fd7afecdb556c50c9e8de78 -> 
  custom:SearchIndexIgnoredProperties: e643bd26f0fe6173181afceb89e7c659 -> 
  custom:AudioImporter_EditorPlatform: d09bf68614088b80899f8185d706f6e7 -> 
  custom:video-encoder-webm-vp8: eb34c28f22e8b96e1ab97ce403110664 -> 
  custom:audio-decoder-ogg-vorbis: bf7c407c2cedff20999df2af8eb42d56 -> 
  custom:audio-encoder-webm-vorbis: bf7c407c2cedff20999df2af8eb42d56 -> 
========================================================================
Received Import Request.
  Time since last request: 615605.814651 seconds.
  path: Assets/scripts/Health.cs
  artifactKey: Guid(209fca16b26e43b409b11ac20c35181e) Importer(815301076,1909f56bfc062723c751e8b465ee728b)
Start importing Assets/scripts/Health.cs using Guid(209fca16b26e43b409b11ac20c35181e) Importer(815301076,1909f56bfc062723c751e8b465ee728b)  -> (artifact id: '8870c5b1444085442537c11febeca1e2') in 0.003100 seconds
Number of updated asset objects reloaded before import = 0
Number of asset objects unloaded after import = 0
========================================================================
Received Prepare
Begin MonoManager ReloadAssembly
- Loaded All Assemblies, in  0.419 seconds
Refreshing native plugins compatible for Editor in 2.81 ms, found 4 plugins.
Native extension for WindowsStandalone target not found
Native extension for WebGL target not found
[Package Manager] Server::EnsureServerProcessIsRunning -- launch failed, reason: Unity was launched with the -noUpm command-line argument
[Package Manager] UpmClient::Send -- Unable to send message (not connected to UPM process).
[Package Manager] Cannot connect to Unity Package Manager local server
Mono: successfully reloaded assembly
- Finished resetting the current domain, in  0.779 seconds
Domain Reload Profiling: 1196ms
	BeginReloadAssembly (143ms)
		ExecutionOrderSort (0ms)
		DisableScriptedObjects (10ms)
		BackupInstance (0ms)
		ReleaseScriptingObjects (0ms)
		CreateAndSetChildDomain (33ms)
	RebuildCommonClasses (32ms)
	RebuildNativeTypeToScriptingClass (11ms)
	initialDomainReloadingComplete (27ms)
	LoadAllAssembliesAndSetupDomain (203ms)
		LoadAssemblies (250ms)
		RebuildTransferFunctionScriptingTraits (0ms)
		AnalyzeDomain (27ms)
			TypeCache.Refresh (8ms)
				TypeCache.ScanAssembly (0ms)
			ScanForSourceGeneratedMonoScriptInfo (11ms)
			ResolveRequiredComponents (6ms)
	FinalizeReload (779ms)
		ReleaseScriptCaches (0ms)
		RebuildScriptCaches (0ms)
		SetupLoadedEditorAssemblies (366ms)
			LogAssemblyErrors (0ms)
			InitializePlatformSupportModulesInManaged (7ms)
			SetLoadedEditorAssemblies (3ms)
			RefreshPlugins (0ms)
			BeforeProcessingInitializeOnLoad (62ms)
			ProcessInitializeOnLoadAttributes (257ms)
			ProcessInitializeOnLoadMethodAttributes (30ms)
			AfterProcessingInitializeOnLoad (7ms)
			EditorAssembliesLoaded (0ms)
		ExecutionOrderSort2 (0ms)
		AwakeInstancesAfterBackupRestoration (13ms)
Refreshing native plugins compatible for Editor in 4.21 ms, found 4 plugins.
Preloading 0 native plugins for Editor in 0.00 ms.
Unloading 4065 Unused Serialized files (Serialized files now loaded: 0)
Unloading 42 unused Assets / (171.6 KB). Loaded Objects now: 4534.
Memory consumption went from 142.8 MB to 142.7 MB.
Total: 3.382100 ms (FindLiveObjects: 0.469300 ms CreateObjectMapping: 0.100600 ms MarkObjects: 2.584600 ms  DeleteObjects: 0.226500 ms)

Prepare: number of updated asset objects reloaded= 0
AssetImportParameters requested are different than current active one (requested -> active):
  custom:container-demuxer-ogg: 62fdf1f143b41e24485cea50d1cbac27 -> 
  custom:video-decoder-ogg-theora: a1e56fd34408186e4bbccfd4996cb3dc -> 
  custom:framework-win-MediaFoundation: 216162199b28c13a410421893ffa2e32 -> 
  custom:CustomObjectIndexerAttribute: 9a22284fe3817be447336de3de66b15e -> 
  custom:container-demuxer-webm: 4f35f7cbe854078d1ac9338744f61a02 -> 
  custom:container-muxer-webm: aa71ff27fc2769a1b78a27578f13a17b -> 
  custom:video-decoder-webm-vp8: 9c59270c3fd7afecdb556c50c9e8de78 -> 
  custom:SearchIndexIgnoredProperties: e643bd26f0fe6173181afceb89e7c659 -> 
  custom:AudioImporter_EditorPlatform: d09bf68614088b80899f8185d706f6e7 -> 
  custom:video-encoder-webm-vp8: eb34c28f22e8b96e1ab97ce403110664 -> 
  custom:audio-decoder-ogg-vorbis: bf7c407c2cedff20999df2af8eb42d56 -> 
  custom:audio-encoder-webm-vorbis: bf7c407c2cedff20999df2af8eb42d56 -> 
========================================================================
Received Import Request.
  Time since last request: 125.966706 seconds.
  path: Assets/Enemys/prefabs/Enemy.prefab
  artifactKey: Guid(f801b7cd7873bc44f9ef6385eb0e19d2) Importer(815301076,1909f56bfc062723c751e8b465ee728b)
Start importing Assets/Enemys/prefabs/Enemy.prefab using Guid(f801b7cd7873bc44f9ef6385eb0e19d2) Importer(815301076,1909f56bfc062723c751e8b465ee728b)  -> (artifact id: '8f689139a064902fac1550088d2dc4ad') in 0.104811 seconds
Number of updated asset objects reloaded before import = 0
Number of asset objects unloaded after import = 132
========================================================================
Received Import Request.
  Time since last request: 7.975706 seconds.
  path: Assets/Enemys/prefabs/Enemy.prefab
  artifactKey: Guid(f801b7cd7873bc44f9ef6385eb0e19d2) Importer(815301076,1909f56bfc062723c751e8b465ee728b)
Start importing Assets/Enemys/prefabs/Enemy.prefab using Guid(f801b7cd7873bc44f9ef6385eb0e19d2) Importer(815301076,1909f56bfc062723c751e8b465ee728b)  -> (artifact id: '367dd3542d2628b53b9c73ab058dcb7c') in 0.014708 seconds
Number of updated asset objects reloaded before import = 0
Number of asset objects unloaded after import = 131
========================================================================
Received Import Request.
  Time since last request: 2.380475 seconds.
  path: Assets/Enemys/prefabs/Enemy.prefab
  artifactKey: Guid(f801b7cd7873bc44f9ef6385eb0e19d2) Importer(815301076,1909f56bfc062723c751e8b465ee728b)
Start importing Assets/Enemys/prefabs/Enemy.prefab using Guid(f801b7cd7873bc44f9ef6385eb0e19d2) Importer(815301076,1909f56bfc062723c751e8b465ee728b)  -> (artifact id: 'bd06bd710d145f79e69484b4760cd2c9') in 0.016186 seconds
Number of updated asset objects reloaded before import = 0
Number of asset objects unloaded after import = 131
========================================================================
Received Import Request.
  Time since last request: 0.387351 seconds.
  path: Assets/Enemys/prefabs/Enemy.prefab
  artifactKey: Guid(f801b7cd7873bc44f9ef6385eb0e19d2) Importer(815301076,1909f56bfc062723c751e8b465ee728b)
Start importing Assets/Enemys/prefabs/Enemy.prefab using Guid(f801b7cd7873bc44f9ef6385eb0e19d2) Importer(815301076,1909f56bfc062723c751e8b465ee728b)  -> (artifact id: 'efdf0cbf7c511a3b286023bb81a35a20') in 0.011494 seconds
Number of updated asset objects reloaded before import = 0
Number of asset objects unloaded after import = 131
========================================================================
Received Import Request.
  Time since last request: 0.189608 seconds.
  path: Assets/Enemys/prefabs/Enemy.prefab
  artifactKey: Guid(f801b7cd7873bc44f9ef6385eb0e19d2) Importer(815301076,1909f56bfc062723c751e8b465ee728b)
Start importing Assets/Enemys/prefabs/Enemy.prefab using Guid(f801b7cd7873bc44f9ef6385eb0e19d2) Importer(815301076,1909f56bfc062723c751e8b465ee728b)  -> (artifact id: 'a6845d25a03da5467b5d79c113fd246c') in 0.013912 seconds
Number of updated asset objects reloaded before import = 0
Number of asset objects unloaded after import = 131
========================================================================
Received Import Request.
  Time since last request: 9.657991 seconds.
  path: Assets/Enemys/prefabs/Enemy.prefab
  artifactKey: Guid(f801b7cd7873bc44f9ef6385eb0e19d2) Importer(815301076,1909f56bfc062723c751e8b465ee728b)
Start importing Assets/Enemys/prefabs/Enemy.prefab using Guid(f801b7cd7873bc44f9ef6385eb0e19d2) Importer(815301076,1909f56bfc062723c751e8b465ee728b)  -> (artifact id: '3a08a3e72334d3288355ea9f529f9622') in 0.012485 seconds
Number of updated asset objects reloaded before import = 0
Number of asset objects unloaded after import = 133
========================================================================
Received Import Request.
  Time since last request: 4.006889 seconds.
  path: Assets/Enemys/prefabs/Enemy.prefab
  artifactKey: Guid(f801b7cd7873bc44f9ef6385eb0e19d2) Importer(815301076,1909f56bfc062723c751e8b465ee728b)
Start importing Assets/Enemys/prefabs/Enemy.prefab using Guid(f801b7cd7873bc44f9ef6385eb0e19d2) Importer(815301076,1909f56bfc062723c751e8b465ee728b)  -> (artifact id: 'eee959f04e12e8ae28213e065ceee99c') in 0.015393 seconds
Number of updated asset objects reloaded before import = 0
Number of asset objects unloaded after import = 133
========================================================================
Received Import Request.
  Time since last request: 9.588591 seconds.
  path: Assets/Enemys/prefabs/Enemy.prefab
  artifactKey: Guid(f801b7cd7873bc44f9ef6385eb0e19d2) Importer(815301076,1909f56bfc062723c751e8b465ee728b)
Start importing Assets/Enemys/prefabs/Enemy.prefab using Guid(f801b7cd7873bc44f9ef6385eb0e19d2) Importer(815301076,1909f56bfc062723c751e8b465ee728b)  -> (artifact id: '4dc69a5609742d983799506f98826e83') in 0.021757 seconds
Number of updated asset objects reloaded before import = 0
Number of asset objects unloaded after import = 157
========================================================================
Received Import Request.
  Time since last request: 2.721999 seconds.
  path: Assets/Enemys/prefabs/Enemy.prefab
  artifactKey: Guid(f801b7cd7873bc44f9ef6385eb0e19d2) Importer(815301076,1909f56bfc062723c751e8b465ee728b)
Start importing Assets/Enemys/prefabs/Enemy.prefab using Guid(f801b7cd7873bc44f9ef6385eb0e19d2) Importer(815301076,1909f56bfc062723c751e8b465ee728b)  -> (artifact id: '6dfe294df9ec8059e3c53e046afdc008') in 0.014930 seconds
Number of updated asset objects reloaded before import = 0
Number of asset objects unloaded after import = 151
========================================================================
Received Import Request.
  Time since last request: 0.994905 seconds.
  path: Assets/Enemys/prefabs/Enemy.prefab
  artifactKey: Guid(f801b7cd7873bc44f9ef6385eb0e19d2) Importer(815301076,1909f56bfc062723c751e8b465ee728b)
Start importing Assets/Enemys/prefabs/Enemy.prefab using Guid(f801b7cd7873bc44f9ef6385eb0e19d2) Importer(815301076,1909f56bfc062723c751e8b465ee728b)  -> (artifact id: '9ee459c3aba9225c5875020000ac91ea') in 0.015277 seconds
Number of updated asset objects reloaded before import = 0
Number of asset objects unloaded after import = 147
========================================================================
Received Import Request.
  Time since last request: 4.205635 seconds.
  path: Assets/Enemys/prefabs/Enemy.prefab
  artifactKey: Guid(f801b7cd7873bc44f9ef6385eb0e19d2) Importer(815301076,1909f56bfc062723c751e8b465ee728b)
Start importing Assets/Enemys/prefabs/Enemy.prefab using Guid(f801b7cd7873bc44f9ef6385eb0e19d2) Importer(815301076,1909f56bfc062723c751e8b465ee728b)  -> (artifact id: '4398d1d49f95bd0940b4ad3eeb88904d') in 0.015779 seconds
Number of updated asset objects reloaded before import = 0
Number of asset objects unloaded after import = 147
========================================================================
Received Import Request.
  Time since last request: 10.880690 seconds.
  path: Assets/Enemys/prefabs/Enemy.prefab
  artifactKey: Guid(f801b7cd7873bc44f9ef6385eb0e19d2) Importer(815301076,1909f56bfc062723c751e8b465ee728b)
Start importing Assets/Enemys/prefabs/Enemy.prefab using Guid(f801b7cd7873bc44f9ef6385eb0e19d2) Importer(815301076,1909f56bfc062723c751e8b465ee728b)  -> (artifact id: '1924c9e00f3cd16e04d55dbddcfc1a32') in 0.013140 seconds
Number of updated asset objects reloaded before import = 0
Number of asset objects unloaded after import = 147
========================================================================
Received Import Request.
  Time since last request: 3.802856 seconds.
  path: Assets/Enemys/prefabs/Enemy.prefab
  artifactKey: Guid(f801b7cd7873bc44f9ef6385eb0e19d2) Importer(815301076,1909f56bfc062723c751e8b465ee728b)
Start importing Assets/Enemys/prefabs/Enemy.prefab using Guid(f801b7cd7873bc44f9ef6385eb0e19d2) Importer(815301076,1909f56bfc062723c751e8b465ee728b)  -> (artifact id: 'f9c652c7147d4efa9a26146f804e0097') in 0.012825 seconds
Number of updated asset objects reloaded before import = 0
Number of asset objects unloaded after import = 147
========================================================================
Received Import Request.
  Time since last request: 6.052767 seconds.
  path: Assets/Enemys/prefabs/Enemy.prefab
  artifactKey: Guid(f801b7cd7873bc44f9ef6385eb0e19d2) Importer(815301076,1909f56bfc062723c751e8b465ee728b)
Start importing Assets/Enemys/prefabs/Enemy.prefab using Guid(f801b7cd7873bc44f9ef6385eb0e19d2) Importer(815301076,1909f56bfc062723c751e8b465ee728b)  -> (artifact id: '95dab6a3d7c818efd83a0b347189a446') in 0.016517 seconds
Number of updated asset objects reloaded before import = 0
Number of asset objects unloaded after import = 147
========================================================================
Received Import Request.
  Time since last request: 2.805581 seconds.
  path: Assets/Enemys/prefabs/Enemy.prefab
  artifactKey: Guid(f801b7cd7873bc44f9ef6385eb0e19d2) Importer(815301076,1909f56bfc062723c751e8b465ee728b)
Start importing Assets/Enemys/prefabs/Enemy.prefab using Guid(f801b7cd7873bc44f9ef6385eb0e19d2) Importer(815301076,1909f56bfc062723c751e8b465ee728b)  -> (artifact id: '4e0261f4307e42e98d8b87010fdb8638') in 0.013612 seconds
Number of updated asset objects reloaded before import = 0
Number of asset objects unloaded after import = 147
========================================================================
Received Import Request.
  Time since last request: 12.318298 seconds.
  path: Assets/Enemys/prefabs/Enemy.prefab
  artifactKey: Guid(f801b7cd7873bc44f9ef6385eb0e19d2) Importer(815301076,1909f56bfc062723c751e8b465ee728b)
Start importing Assets/Enemys/prefabs/Enemy.prefab using Guid(f801b7cd7873bc44f9ef6385eb0e19d2) Importer(815301076,1909f56bfc062723c751e8b465ee728b)  -> (artifact id: 'da31cf3f6e5005f3fcc23c2f5501eb4c') in 0.014509 seconds
Number of updated asset objects reloaded before import = 0
Number of asset objects unloaded after import = 148
========================================================================
Received Import Request.
  Time since last request: 14.244055 seconds.
  path: Assets/Enemys/prefabs/Enemy.prefab
  artifactKey: Guid(f801b7cd7873bc44f9ef6385eb0e19d2) Importer(815301076,1909f56bfc062723c751e8b465ee728b)
Start importing Assets/Enemys/prefabs/Enemy.prefab using Guid(f801b7cd7873bc44f9ef6385eb0e19d2) Importer(815301076,1909f56bfc062723c751e8b465ee728b)  -> (artifact id: 'e88fd49a80f9e52bf3a7709465534a5e') in 0.014456 seconds
Number of updated asset objects reloaded before import = 0
Number of asset objects unloaded after import = 148
========================================================================
Received Prepare
Begin MonoManager ReloadAssembly
- Loaded All Assemblies, in  0.416 seconds
Refreshing native plugins compatible for Editor in 3.45 ms, found 4 plugins.
Native extension for WindowsStandalone target not found
Native extension for WebGL target not found
[Package Manager] Server::EnsureServerProcessIsRunning -- launch failed, reason: Unity was launched with the -noUpm command-line argument
[Package Manager] UpmClient::Send -- Unable to send message (not connected to UPM process).
[Package Manager] Cannot connect to Unity Package Manager local server
Mono: successfully reloaded assembly
- Finished resetting the current domain, in  0.849 seconds
Domain Reload Profiling: 1263ms
	BeginReloadAssembly (146ms)
		ExecutionOrderSort (0ms)
		DisableScriptedObjects (10ms)
		BackupInstance (0ms)
		ReleaseScriptingObjects (0ms)
		CreateAndSetChildDomain (32ms)
	RebuildCommonClasses (31ms)
	RebuildNativeTypeToScriptingClass (11ms)
	initialDomainReloadingComplete (31ms)
	LoadAllAssembliesAndSetupDomain (194ms)
		LoadAssemblies (247ms)
		RebuildTransferFunctionScriptingTraits (0ms)
		AnalyzeDomain (24ms)
			TypeCache.Refresh (8ms)
				TypeCache.ScanAssembly (0ms)
			ScanForSourceGeneratedMonoScriptInfo (9ms)
			ResolveRequiredComponents (6ms)
	FinalizeReload (850ms)
		ReleaseScriptCaches (0ms)
		RebuildScriptCaches (0ms)
		SetupLoadedEditorAssemblies (418ms)
			LogAssemblyErrors (0ms)
			InitializePlatformSupportModulesInManaged (7ms)
			SetLoadedEditorAssemblies (3ms)
			RefreshPlugins (0ms)
			BeforeProcessingInitializeOnLoad (64ms)
			ProcessInitializeOnLoadAttributes (302ms)
			ProcessInitializeOnLoadMethodAttributes (32ms)
			AfterProcessingInitializeOnLoad (9ms)
			EditorAssembliesLoaded (0ms)
		ExecutionOrderSort2 (0ms)
		AwakeInstancesAfterBackupRestoration (14ms)
Refreshing native plugins compatible for Editor in 5.55 ms, found 4 plugins.
Preloading 0 native plugins for Editor in 0.00 ms.
Unloading 4065 Unused Serialized files (Serialized files now loaded: 0)
Unloading 48 unused Assets / (174.1 KB). Loaded Objects now: 4546.
Memory consumption went from 147.4 MB to 147.2 MB.
Total: 3.825700 ms (FindLiveObjects: 0.331600 ms CreateObjectMapping: 0.095100 ms MarkObjects: 3.134600 ms  DeleteObjects: 0.263000 ms)

Prepare: number of updated asset objects reloaded= 0
AssetImportParameters requested are different than current active one (requested -> active):
  custom:container-demuxer-ogg: 62fdf1f143b41e24485cea50d1cbac27 -> 
  custom:video-decoder-ogg-theora: a1e56fd34408186e4bbccfd4996cb3dc -> 
  custom:framework-win-MediaFoundation: 216162199b28c13a410421893ffa2e32 -> 
  custom:CustomObjectIndexerAttribute: 9a22284fe3817be447336de3de66b15e -> 
  custom:container-demuxer-webm: 4f35f7cbe854078d1ac9338744f61a02 -> 
  custom:container-muxer-webm: aa71ff27fc2769a1b78a27578f13a17b -> 
  custom:video-decoder-webm-vp8: 9c59270c3fd7afecdb556c50c9e8de78 -> 
  custom:SearchIndexIgnoredProperties: e643bd26f0fe6173181afceb89e7c659 -> 
  custom:AudioImporter_EditorPlatform: d09bf68614088b80899f8185d706f6e7 -> 
  custom:video-encoder-webm-vp8: eb34c28f22e8b96e1ab97ce403110664 -> 
  custom:audio-decoder-ogg-vorbis: bf7c407c2cedff20999df2af8eb42d56 -> 
  custom:audio-encoder-webm-vorbis: bf7c407c2cedff20999df2af8eb42d56 -> 
========================================================================
Received Import Request.
  Time since last request: 11.750532 seconds.
  path: Assets/Enemys/prefabs/Enemy.prefab
  artifactKey: Guid(f801b7cd7873bc44f9ef6385eb0e19d2) Importer(815301076,1909f56bfc062723c751e8b465ee728b)
Start importing Assets/Enemys/prefabs/Enemy.prefab using Guid(f801b7cd7873bc44f9ef6385eb0e19d2) Importer(815301076,1909f56bfc062723c751e8b465ee728b)  -> (artifact id: '46ab3ea67023fe59a3d6460106855b85') in 0.062061 seconds
Number of updated asset objects reloaded before import = 0
Number of asset objects unloaded after import = 148
========================================================================
Received Import Request.
  Time since last request: 1.930419 seconds.
  path: Assets/Enemys/prefabs/Enemy.prefab
  artifactKey: Guid(f801b7cd7873bc44f9ef6385eb0e19d2) Importer(815301076,1909f56bfc062723c751e8b465ee728b)
Start importing Assets/Enemys/prefabs/Enemy.prefab using Guid(f801b7cd7873bc44f9ef6385eb0e19d2) Importer(815301076,1909f56bfc062723c751e8b465ee728b)  -> (artifact id: '2c3a947e95ab61850decf087dfcb5e6b') in 0.012108 seconds
Number of updated asset objects reloaded before import = 0
Number of asset objects unloaded after import = 148
========================================================================
Received Import Request.
  Time since last request: 0.399561 seconds.
  path: Assets/Enemys/prefabs/Enemy.prefab
  artifactKey: Guid(f801b7cd7873bc44f9ef6385eb0e19d2) Importer(815301076,1909f56bfc062723c751e8b465ee728b)
Start importing Assets/Enemys/prefabs/Enemy.prefab using Guid(f801b7cd7873bc44f9ef6385eb0e19d2) Importer(815301076,1909f56bfc062723c751e8b465ee728b)  -> (artifact id: 'e0b58ea5e5a1b098bb9fae4c87dd21bd') in 0.012111 seconds
Number of updated asset objects reloaded before import = 0
Number of asset objects unloaded after import = 148
========================================================================
Received Import Request.
  Time since last request: 0.181538 seconds.
  path: Assets/Enemys/prefabs/Enemy.prefab
  artifactKey: Guid(f801b7cd7873bc44f9ef6385eb0e19d2) Importer(815301076,1909f56bfc062723c751e8b465ee728b)
Start importing Assets/Enemys/prefabs/Enemy.prefab using Guid(f801b7cd7873bc44f9ef6385eb0e19d2) Importer(815301076,1909f56bfc062723c751e8b465ee728b)  -> (artifact id: '49e8d01780145985543e92a5567181d8') in 0.012833 seconds
Number of updated asset objects reloaded before import = 0
Number of asset objects unloaded after import = 148
========================================================================
Received Import Request.
  Time since last request: 5.652744 seconds.
  path: Assets/Enemys/prefabs/Enemy.prefab
  artifactKey: Guid(f801b7cd7873bc44f9ef6385eb0e19d2) Importer(815301076,1909f56bfc062723c751e8b465ee728b)
Start importing Assets/Enemys/prefabs/Enemy.prefab using Guid(f801b7cd7873bc44f9ef6385eb0e19d2) Importer(815301076,1909f56bfc062723c751e8b465ee728b)  -> (artifact id: '574fcd31b96433afc2c02031117adb74') in 0.012813 seconds
Number of updated asset objects reloaded before import = 0
Number of asset objects unloaded after import = 148
========================================================================
Received Import Request.
  Time since last request: 7.627623 seconds.
  path: Assets/Enemys/prefabs/Enemy.prefab
  artifactKey: Guid(f801b7cd7873bc44f9ef6385eb0e19d2) Importer(815301076,1909f56bfc062723c751e8b465ee728b)
Start importing Assets/Enemys/prefabs/Enemy.prefab using Guid(f801b7cd7873bc44f9ef6385eb0e19d2) Importer(815301076,1909f56bfc062723c751e8b465ee728b)  -> (artifact id: 'dafbc907219fc9a32922a736955ad4bf') in 0.011576 seconds
Number of updated asset objects reloaded before import = 0
Number of asset objects unloaded after import = 148
========================================================================
Received Import Request.
  Time since last request: 3.602359 seconds.
  path: Assets/Enemys/prefabs/Enemy.prefab
  artifactKey: Guid(f801b7cd7873bc44f9ef6385eb0e19d2) Importer(815301076,1909f56bfc062723c751e8b465ee728b)
Start importing Assets/Enemys/prefabs/Enemy.prefab using Guid(f801b7cd7873bc44f9ef6385eb0e19d2) Importer(815301076,1909f56bfc062723c751e8b465ee728b)  -> (artifact id: 'f07b144aa170250756cd1f304535c23d') in 0.013888 seconds
Number of updated asset objects reloaded before import = 0
Number of asset objects unloaded after import = 148
========================================================================
Received Import Request.
  Time since last request: 6.851214 seconds.
  path: Assets/Enemys/prefabs/Enemy.prefab
  artifactKey: Guid(f801b7cd7873bc44f9ef6385eb0e19d2) Importer(815301076,1909f56bfc062723c751e8b465ee728b)
Start importing Assets/Enemys/prefabs/Enemy.prefab using Guid(f801b7cd7873bc44f9ef6385eb0e19d2) Importer(815301076,1909f56bfc062723c751e8b465ee728b)  -> (artifact id: '62b218ea30f272154857b9966cbb5171') in 0.013010 seconds
Number of updated asset objects reloaded before import = 0
Number of asset objects unloaded after import = 148
========================================================================
Received Import Request.
  Time since last request: 3.336714 seconds.
  path: Assets/Enemys/prefabs/Enemy.prefab
  artifactKey: Guid(f801b7cd7873bc44f9ef6385eb0e19d2) Importer(815301076,1909f56bfc062723c751e8b465ee728b)
Start importing Assets/Enemys/prefabs/Enemy.prefab using Guid(f801b7cd7873bc44f9ef6385eb0e19d2) Importer(815301076,1909f56bfc062723c751e8b465ee728b)  -> (artifact id: 'ea168b9f86d02b470f6f4158a855bfff') in 0.011429 seconds
Number of updated asset objects reloaded before import = 0
Number of asset objects unloaded after import = 148
========================================================================
Received Import Request.
  Time since last request: 1.736770 seconds.
  path: Assets/Enemys/prefabs/Enemy.prefab
  artifactKey: Guid(f801b7cd7873bc44f9ef6385eb0e19d2) Importer(815301076,1909f56bfc062723c751e8b465ee728b)
Start importing Assets/Enemys/prefabs/Enemy.prefab using Guid(f801b7cd7873bc44f9ef6385eb0e19d2) Importer(815301076,1909f56bfc062723c751e8b465ee728b)  -> (artifact id: '1eedd5dedc19f457aeed72b7d46ef6b4') in 0.012417 seconds
Number of updated asset objects reloaded before import = 0
Number of asset objects unloaded after import = 148
========================================================================
Received Import Request.
  Time since last request: 76.262284 seconds.
  path: Assets/Enemys/prefabs/Enemy.prefab
  artifactKey: Guid(f801b7cd7873bc44f9ef6385eb0e19d2) Importer(815301076,1909f56bfc062723c751e8b465ee728b)
Start importing Assets/Enemys/prefabs/Enemy.prefab using Guid(f801b7cd7873bc44f9ef6385eb0e19d2) Importer(815301076,1909f56bfc062723c751e8b465ee728b)  -> (artifact id: '490624046926869dbe64f7b3bdcc9af2') in 0.012807 seconds
Number of updated asset objects reloaded before import = 0
Number of asset objects unloaded after import = 148
========================================================================
Received Prepare
Begin MonoManager ReloadAssembly
- Loaded All Assemblies, in  0.422 seconds
Refreshing native plugins compatible for Editor in 3.32 ms, found 4 plugins.
Native extension for WindowsStandalone target not found
Native extension for WebGL target not found
[Package Manager] Server::EnsureServerProcessIsRunning -- launch failed, reason: Unity was launched with the -noUpm command-line argument
[Package Manager] UpmClient::Send -- Unable to send message (not connected to UPM process).
[Package Manager] Cannot connect to Unity Package Manager local server
Mono: successfully reloaded assembly
- Finished resetting the current domain, in  0.821 seconds
Domain Reload Profiling: 1242ms
	BeginReloadAssembly (149ms)
		ExecutionOrderSort (0ms)
		DisableScriptedObjects (10ms)
		BackupInstance (0ms)
		ReleaseScriptingObjects (0ms)
		CreateAndSetChildDomain (34ms)
	RebuildCommonClasses (33ms)
	RebuildNativeTypeToScriptingClass (12ms)
	initialDomainReloadingComplete (29ms)
	LoadAllAssembliesAndSetupDomain (197ms)
		LoadAssemblies (251ms)
		RebuildTransferFunctionScriptingTraits (0ms)
		AnalyzeDomain (25ms)
			TypeCache.Refresh (8ms)
				TypeCache.ScanAssembly (0ms)
			ScanForSourceGeneratedMonoScriptInfo (10ms)
			ResolveRequiredComponents (6ms)
	FinalizeReload (822ms)
		ReleaseScriptCaches (0ms)
		RebuildScriptCaches (0ms)
		SetupLoadedEditorAssemblies (396ms)
			LogAssemblyErrors (0ms)
			InitializePlatformSupportModulesInManaged (9ms)
			SetLoadedEditorAssemblies (3ms)
			RefreshPlugins (0ms)
			BeforeProcessingInitializeOnLoad (64ms)
			ProcessInitializeOnLoadAttributes (279ms)
			ProcessInitializeOnLoadMethodAttributes (33ms)
			AfterProcessingInitializeOnLoad (8ms)
			EditorAssembliesLoaded (0ms)
		ExecutionOrderSort2 (0ms)
		AwakeInstancesAfterBackupRestoration (12ms)
Refreshing native plugins compatible for Editor in 4.21 ms, found 4 plugins.
Preloading 0 native plugins for Editor in 0.00 ms.
Unloading 4065 Unused Serialized files (Serialized files now loaded: 0)
Unloading 44 unused Assets / (172.4 KB). Loaded Objects now: 4550.
Memory consumption went from 147.4 MB to 147.2 MB.
Total: 4.861300 ms (FindLiveObjects: 0.550300 ms CreateObjectMapping: 0.122600 ms MarkObjects: 3.904300 ms  DeleteObjects: 0.282700 ms)

Prepare: number of updated asset objects reloaded= 0
AssetImportParameters requested are different than current active one (requested -> active):
  custom:container-demuxer-ogg: 62fdf1f143b41e24485cea50d1cbac27 -> 
  custom:video-decoder-ogg-theora: a1e56fd34408186e4bbccfd4996cb3dc -> 
  custom:framework-win-MediaFoundation: 216162199b28c13a410421893ffa2e32 -> 
  custom:CustomObjectIndexerAttribute: 9a22284fe3817be447336de3de66b15e -> 
  custom:container-demuxer-webm: 4f35f7cbe854078d1ac9338744f61a02 -> 
  custom:container-muxer-webm: aa71ff27fc2769a1b78a27578f13a17b -> 
  custom:video-decoder-webm-vp8: 9c59270c3fd7afecdb556c50c9e8de78 -> 
  custom:SearchIndexIgnoredProperties: e643bd26f0fe6173181afceb89e7c659 -> 
  custom:AudioImporter_EditorPlatform: d09bf68614088b80899f8185d706f6e7 -> 
  custom:video-encoder-webm-vp8: eb34c28f22e8b96e1ab97ce403110664 -> 
  custom:audio-decoder-ogg-vorbis: bf7c407c2cedff20999df2af8eb42d56 -> 
  custom:audio-encoder-webm-vorbis: bf7c407c2cedff20999df2af8eb42d56 -> 
========================================================================
Received Import Request.
  Time since last request: 5.200086 seconds.
  path: Assets/Enemys/prefabs/Enemy.prefab
  artifactKey: Guid(f801b7cd7873bc44f9ef6385eb0e19d2) Importer(815301076,1909f56bfc062723c751e8b465ee728b)
Start importing Assets/Enemys/prefabs/Enemy.prefab using Guid(f801b7cd7873bc44f9ef6385eb0e19d2) Importer(815301076,1909f56bfc062723c751e8b465ee728b)  -> (artifact id: '1e4a55c180184078f3998d049026a3f3') in 0.067783 seconds
Number of updated asset objects reloaded before import = 0
Number of asset objects unloaded after import = 148
========================================================================
Received Import Request.
  Time since last request: 6.108145 seconds.
  path: Assets/Enemys/prefabs/Enemy.prefab
  artifactKey: Guid(f801b7cd7873bc44f9ef6385eb0e19d2) Importer(815301076,1909f56bfc062723c751e8b465ee728b)
Start importing Assets/Enemys/prefabs/Enemy.prefab using Guid(f801b7cd7873bc44f9ef6385eb0e19d2) Importer(815301076,1909f56bfc062723c751e8b465ee728b)  -> (artifact id: '22606c12946538eec4984988533b08b2') in 0.012913 seconds
Number of updated asset objects reloaded before import = 0
Number of asset objects unloaded after import = 148
========================================================================
Received Prepare
Begin MonoManager ReloadAssembly
- Loaded All Assemblies, in  0.394 seconds
Refreshing native plugins compatible for Editor in 2.68 ms, found 4 plugins.
Native extension for WindowsStandalone target not found
Native extension for WebGL target not found
[Package Manager] Server::EnsureServerProcessIsRunning -- launch failed, reason: Unity was launched with the -noUpm command-line argument
[Package Manager] UpmClient::Send -- Unable to send message (not connected to UPM process).
[Package Manager] Cannot connect to Unity Package Manager local server
Mono: successfully reloaded assembly
- Finished resetting the current domain, in  0.873 seconds
Domain Reload Profiling: 1265ms
	BeginReloadAssembly (149ms)
		ExecutionOrderSort (0ms)
		DisableScriptedObjects (9ms)
		BackupInstance (0ms)
		ReleaseScriptingObjects (0ms)
		CreateAndSetChildDomain (33ms)
	RebuildCommonClasses (31ms)
	RebuildNativeTypeToScriptingClass (11ms)
	initialDomainReloadingComplete (26ms)
	LoadAllAssembliesAndSetupDomain (175ms)
		LoadAssemblies (239ms)
		RebuildTransferFunctionScriptingTraits (0ms)
		AnalyzeDomain (12ms)
			TypeCache.Refresh (5ms)
				TypeCache.ScanAssembly (0ms)
			ScanForSourceGeneratedMonoScriptInfo (0ms)
			ResolveRequiredComponents (6ms)
	FinalizeReload (873ms)
		ReleaseScriptCaches (0ms)
		RebuildScriptCaches (0ms)
		SetupLoadedEditorAssemblies (439ms)
			LogAssemblyErrors (0ms)
			InitializePlatformSupportModulesInManaged (7ms)
			SetLoadedEditorAssemblies (3ms)
			RefreshPlugins (0ms)
			BeforeProcessingInitializeOnLoad (63ms)
			ProcessInitializeOnLoadAttributes (322ms)
			ProcessInitializeOnLoadMethodAttributes (36ms)
			AfterProcessingInitializeOnLoad (9ms)
			EditorAssembliesLoaded (0ms)
		ExecutionOrderSort2 (0ms)
		AwakeInstancesAfterBackupRestoration (15ms)
Refreshing native plugins compatible for Editor in 4.32 ms, found 4 plugins.
Preloading 0 native plugins for Editor in 0.00 ms.
Unloading 4065 Unused Serialized files (Serialized files now loaded: 0)
Unloading 44 unused Assets / (172.5 KB). Loaded Objects now: 4554.
Memory consumption went from 147.4 MB to 147.2 MB.
Total: 3.479200 ms (FindLiveObjects: 0.465700 ms CreateObjectMapping: 0.133600 ms MarkObjects: 2.679200 ms  DeleteObjects: 0.199900 ms)

Prepare: number of updated asset objects reloaded= 0
AssetImportParameters requested are different than current active one (requested -> active):
  custom:container-demuxer-ogg: 62fdf1f143b41e24485cea50d1cbac27 -> 
  custom:video-decoder-ogg-theora: a1e56fd34408186e4bbccfd4996cb3dc -> 
  custom:framework-win-MediaFoundation: 216162199b28c13a410421893ffa2e32 -> 
  custom:CustomObjectIndexerAttribute: 9a22284fe3817be447336de3de66b15e -> 
  custom:container-demuxer-webm: 4f35f7cbe854078d1ac9338744f61a02 -> 
  custom:container-muxer-webm: aa71ff27fc2769a1b78a27578f13a17b -> 
  custom:video-decoder-webm-vp8: 9c59270c3fd7afecdb556c50c9e8de78 -> 
  custom:SearchIndexIgnoredProperties: e643bd26f0fe6173181afceb89e7c659 -> 
  custom:AudioImporter_EditorPlatform: d09bf68614088b80899f8185d706f6e7 -> 
  custom:video-encoder-webm-vp8: eb34c28f22e8b96e1ab97ce403110664 -> 
  custom:audio-decoder-ogg-vorbis: bf7c407c2cedff20999df2af8eb42d56 -> 
  custom:audio-encoder-webm-vorbis: bf7c407c2cedff20999df2af8eb42d56 -> 
========================================================================
Received Prepare
Begin MonoManager ReloadAssembly
- Loaded All Assemblies, in  0.412 seconds
Refreshing native plugins compatible for Editor in 3.57 ms, found 4 plugins.
Native extension for WindowsStandalone target not found
Native extension for WebGL target not found
[Package Manager] Server::EnsureServerProcessIsRunning -- launch failed, reason: Unity was launched with the -noUpm command-line argument
[Package Manager] UpmClient::Send -- Unable to send message (not connected to UPM process).
[Package Manager] Cannot connect to Unity Package Manager local server
Mono: successfully reloaded assembly
- Finished resetting the current domain, in  0.961 seconds
Domain Reload Profiling: 1371ms
	BeginReloadAssembly (148ms)
		ExecutionOrderSort (0ms)
		DisableScriptedObjects (11ms)
		BackupInstance (0ms)
		ReleaseScriptingObjects (0ms)
		CreateAndSetChildDomain (31ms)
	RebuildCommonClasses (35ms)
	RebuildNativeTypeToScriptingClass (11ms)
	initialDomainReloadingComplete (28ms)
	LoadAllAssembliesAndSetupDomain (187ms)
		LoadAssemblies (253ms)
		RebuildTransferFunctionScriptingTraits (0ms)
		AnalyzeDomain (13ms)
			TypeCache.Refresh (5ms)
				TypeCache.ScanAssembly (0ms)
			ScanForSourceGeneratedMonoScriptInfo (0ms)
			ResolveRequiredComponents (6ms)
	FinalizeReload (962ms)
		ReleaseScriptCaches (0ms)
		RebuildScriptCaches (0ms)
		SetupLoadedEditorAssemblies (493ms)
			LogAssemblyErrors (0ms)
			InitializePlatformSupportModulesInManaged (10ms)
			SetLoadedEditorAssemblies (3ms)
			RefreshPlugins (0ms)
			BeforeProcessingInitializeOnLoad (77ms)
			ProcessInitializeOnLoadAttributes (353ms)
			ProcessInitializeOnLoadMethodAttributes (39ms)
			AfterProcessingInitializeOnLoad (10ms)
			EditorAssembliesLoaded (0ms)
		ExecutionOrderSort2 (0ms)
		AwakeInstancesAfterBackupRestoration (15ms)
Refreshing native plugins compatible for Editor in 5.07 ms, found 4 plugins.
Preloading 0 native plugins for Editor in 0.00 ms.
Unloading 4066 Unused Serialized files (Serialized files now loaded: 0)
Unloading 42 unused Assets / (171.7 KB). Loaded Objects now: 4558.
Memory consumption went from 147.6 MB to 147.5 MB.
Total: 3.449400 ms (FindLiveObjects: 0.586600 ms CreateObjectMapping: 0.275900 ms MarkObjects: 2.422700 ms  DeleteObjects: 0.163400 ms)

Prepare: number of updated asset objects reloaded= 0
AssetImportParameters requested are different than current active one (requested -> active):
  custom:container-demuxer-ogg: 62fdf1f143b41e24485cea50d1cbac27 -> 
  custom:video-decoder-ogg-theora: a1e56fd34408186e4bbccfd4996cb3dc -> 
  custom:framework-win-MediaFoundation: 216162199b28c13a410421893ffa2e32 -> 
  custom:CustomObjectIndexerAttribute: 9a22284fe3817be447336de3de66b15e -> 
  custom:container-demuxer-webm: 4f35f7cbe854078d1ac9338744f61a02 -> 
  custom:container-muxer-webm: aa71ff27fc2769a1b78a27578f13a17b -> 
  custom:video-decoder-webm-vp8: 9c59270c3fd7afecdb556c50c9e8de78 -> 
  custom:SearchIndexIgnoredProperties: e643bd26f0fe6173181afceb89e7c659 -> 
  custom:AudioImporter_EditorPlatform: d09bf68614088b80899f8185d706f6e7 -> 
  custom:video-encoder-webm-vp8: eb34c28f22e8b96e1ab97ce403110664 -> 
  custom:audio-decoder-ogg-vorbis: bf7c407c2cedff20999df2af8eb42d56 -> 
  custom:audio-encoder-webm-vorbis: bf7c407c2cedff20999df2af8eb42d56 -> 
========================================================================
Received Prepare
Begin MonoManager ReloadAssembly
- Loaded All Assemblies, in  0.398 seconds
Refreshing native plugins compatible for Editor in 3.25 ms, found 4 plugins.
Native extension for WindowsStandalone target not found
Native extension for WebGL target not found
[Package Manager] Server::EnsureServerProcessIsRunning -- launch failed, reason: Unity was launched with the -noUpm command-line argument
[Package Manager] UpmClient::Send -- Unable to send message (not connected to UPM process).
[Package Manager] Cannot connect to Unity Package Manager local server
Mono: successfully reloaded assembly
- Finished resetting the current domain, in  0.864 seconds
Domain Reload Profiling: 1260ms
	BeginReloadAssembly (143ms)
		ExecutionOrderSort (0ms)
		DisableScriptedObjects (10ms)
		BackupInstance (0ms)
		ReleaseScriptingObjects (0ms)
		CreateAndSetChildDomain (31ms)
	RebuildCommonClasses (31ms)
	RebuildNativeTypeToScriptingClass (11ms)
	initialDomainReloadingComplete (27ms)
	LoadAllAssembliesAndSetupDomain (183ms)
		LoadAssemblies (244ms)
		RebuildTransferFunctionScriptingTraits (0ms)
		AnalyzeDomain (13ms)
			TypeCache.Refresh (5ms)
				TypeCache.ScanAssembly (0ms)
			ScanForSourceGeneratedMonoScriptInfo (0ms)
			ResolveRequiredComponents (6ms)
	FinalizeReload (865ms)
		ReleaseScriptCaches (0ms)
		RebuildScriptCaches (0ms)
		SetupLoadedEditorAssemblies (446ms)
			LogAssemblyErrors (0ms)
			InitializePlatformSupportModulesInManaged (7ms)
			SetLoadedEditorAssemblies (3ms)
			RefreshPlugins (0ms)
			BeforeProcessingInitializeOnLoad (65ms)
			ProcessInitializeOnLoadAttributes (328ms)
			ProcessInitializeOnLoadMethodAttributes (35ms)
			AfterProcessingInitializeOnLoad (9ms)
			EditorAssembliesLoaded (0ms)
		ExecutionOrderSort2 (0ms)
		AwakeInstancesAfterBackupRestoration (13ms)
Refreshing native plugins compatible for Editor in 4.41 ms, found 4 plugins.
Preloading 0 native plugins for Editor in 0.00 ms.
Unloading 4066 Unused Serialized files (Serialized files now loaded: 0)
Unloading 42 unused Assets / (171.7 KB). Loaded Objects now: 4562.
Memory consumption went from 147.6 MB to 147.5 MB.
Total: 3.655900 ms (FindLiveObjects: 0.481800 ms CreateObjectMapping: 0.121100 ms MarkObjects: 2.835400 ms  DeleteObjects: 0.216400 ms)

Prepare: number of updated asset objects reloaded= 0
AssetImportParameters requested are different than current active one (requested -> active):
  custom:container-demuxer-ogg: 62fdf1f143b41e24485cea50d1cbac27 -> 
  custom:video-decoder-ogg-theora: a1e56fd34408186e4bbccfd4996cb3dc -> 
  custom:framework-win-MediaFoundation: 216162199b28c13a410421893ffa2e32 -> 
  custom:CustomObjectIndexerAttribute: 9a22284fe3817be447336de3de66b15e -> 
  custom:container-demuxer-webm: 4f35f7cbe854078d1ac9338744f61a02 -> 
  custom:container-muxer-webm: aa71ff27fc2769a1b78a27578f13a17b -> 
  custom:video-decoder-webm-vp8: 9c59270c3fd7afecdb556c50c9e8de78 -> 
  custom:SearchIndexIgnoredProperties: e643bd26f0fe6173181afceb89e7c659 -> 
  custom:AudioImporter_EditorPlatform: d09bf68614088b80899f8185d706f6e7 -> 
  custom:video-encoder-webm-vp8: eb34c28f22e8b96e1ab97ce403110664 -> 
  custom:audio-decoder-ogg-vorbis: bf7c407c2cedff20999df2af8eb42d56 -> 
  custom:audio-encoder-webm-vorbis: bf7c407c2cedff20999df2af8eb42d56 -> 
